[debug] [2025-09-16T19:15:39.554Z] ----------------------------------------------------------------------
[debug] [2025-09-16T19:15:39.557Z] Command:       C:\Program Files\nodejs\node.exe C:\Users\kavya\AppData\Roaming\npm\node_modules\firebase-tools\lib\bin\firebase.js init
[debug] [2025-09-16T19:15:39.558Z] CLI Version:   14.16.0
[debug] [2025-09-16T19:15:39.558Z] Platform:      win32
[debug] [2025-09-16T19:15:39.558Z] Node Version:  v22.14.0
[debug] [2025-09-16T19:15:39.558Z] Time:          Wed Sep 17 2025 00:45:39 GMT+0530 (India Standard Time)
[debug] [2025-09-16T19:15:39.558Z] ----------------------------------------------------------------------
[debug] 
[debug] [2025-09-16T19:15:39.564Z] > command requires scopes: ["email","openid","https://www.googleapis.com/auth/cloudplatformprojects.readonly","https://www.googleapis.com/auth/firebase","https://www.googleapis.com/auth/cloud-platform"]
[debug] [2025-09-16T19:15:39.564Z] > authorizing via signed-in user (kavyashaw141@gmail.com)
[info] 
     ######## #### ########  ######## ########     ###     ######  ########
     ##        ##  ##     ## ##       ##     ##  ##   ##  ##       ##
     ######    ##  ########  ######   ########  #########  ######  ######
     ##        ##  ##    ##  ##       ##     ## ##     ##       ## ##
     ##       #### ##     ## ######## ########  ##     ##  ######  ########

You're about to initialize a Firebase project in this directory:

  C:\Users\kavya\AppData\Local\CapCut\User Data\Projects\com.lveditor.draft\0915 (2)\common_attachment

[info] 
=== Project Setup
[info] 
[info] First, let's associate this project directory with a Firebase project.
[info] You can create multiple project aliases by running firebase use --add, 
[info] but for now we'll just set up a default project.
[info] 
[debug] [2025-09-16T19:17:18.836Z] Checked if tokens are valid: true, expires at: 1758053692809
[debug] [2025-09-16T19:17:18.837Z] Checked if tokens are valid: true, expires at: 1758053692809
[debug] [2025-09-16T19:17:18.838Z] >>> [apiv2][query] GET https://firebase.googleapis.com/v1beta1/projects pageSize=100
[debug] [2025-09-16T19:17:19.576Z] <<< [apiv2][status] GET https://firebase.googleapis.com/v1beta1/projects 200
[debug] [2025-09-16T19:17:19.576Z] <<< [apiv2][body] GET https://firebase.googleapis.com/v1beta1/projects [omitted]
[info] i  Using project agrosmart-2f475 (AgroSmart) 
[info] 
=== Hosting Setup
[debug] [2025-09-16T19:18:06.732Z] Checked if tokens are valid: true, expires at: 1758053692809
[debug] [2025-09-16T19:18:06.732Z] Checked if tokens are valid: true, expires at: 1758053692809
[debug] [2025-09-16T19:18:06.732Z] >>> [apiv2][query] GET https://firebase.googleapis.com/v1beta1/projects/agrosmart-2f475 [none]
[debug] [2025-09-16T19:18:07.249Z] <<< [apiv2][status] GET https://firebase.googleapis.com/v1beta1/projects/agrosmart-2f475 200
[debug] [2025-09-16T19:18:07.250Z] <<< [apiv2][body] GET https://firebase.googleapis.com/v1beta1/projects/agrosmart-2f475 {"projectId":"agrosmart-2f475","projectNumber":"312865105781","displayName":"AgroSmart","name":"projects/agrosmart-2f475","resources":{"hostingSite":"agrosmart-2f475"},"state":"ACTIVE","etag":"1_23170ca8-120c-4113-8333-961aa4dab2a2"}
[info] 
[info] Your public directory is the folder (relative to your project directory) that
[info] will contain Hosting assets to be uploaded with firebase deploy. If you
[info] have a build process for your assets, use your build's output directory.
[info] 
